<?xml version="1.0" encoding="UTF-8"?>
<testsuite name="com.weekbelt.book.springboot.web.PostsApiControllerTest" tests="2" skipped="0" failures="0" errors="0" timestamp="2020-01-22T07:06:46" hostname="joohyuk" time="0.13">
  <properties/>
  <testcase name="Posts_등록된다" classname="com.weekbelt.book.springboot.web.PostsApiControllerTest" time="0.093"/>
  <testcase name="Posts_수정된다" classname="com.weekbelt.book.springboot.web.PostsApiControllerTest" time="0.036"/>
  <system-out><![CDATA[2020-01-22 16:06:46.611  INFO 21268 --- [    Test worker] .b.t.c.SpringBootTestContextBootstrapper : Neither @ContextConfiguration nor @ContextHierarchy found for test class [com.weekbelt.book.springboot.web.PostsApiControllerTest], using SpringBootContextLoader
2020-01-22 16:06:46.612  INFO 21268 --- [    Test worker] o.s.t.c.support.AbstractContextLoader    : Could not detect default resource locations for test class [com.weekbelt.book.springboot.web.PostsApiControllerTest]: no resource found for suffixes {-context.xml, Context.groovy}.
2020-01-22 16:06:46.613  INFO 21268 --- [    Test worker] t.c.s.AnnotationConfigContextLoaderUtils : Could not detect default configuration classes for test class [com.weekbelt.book.springboot.web.PostsApiControllerTest]: PostsApiControllerTest does not declare any static, non-private, non-final, nested classes annotated with @Configuration.
2020-01-22 16:06:46.615  INFO 21268 --- [    Test worker] .b.t.c.SpringBootTestContextBootstrapper : Found @SpringBootConfiguration com.weekbelt.book.springboot.Application for test class com.weekbelt.book.springboot.web.PostsApiControllerTest
2020-01-22 16:06:46.617  INFO 21268 --- [    Test worker] .b.t.c.SpringBootTestContextBootstrapper : Loaded default TestExecutionListener class names from location [META-INF/spring.factories]: [org.springframework.security.test.context.support.WithSecurityContextTestExecutionListener, org.springframework.security.test.context.support.ReactorContextTestExecutionListener, org.springframework.boot.test.autoconfigure.restdocs.RestDocsTestExecutionListener, org.springframework.boot.test.autoconfigure.web.client.MockRestServiceServerResetTestExecutionListener, org.springframework.boot.test.autoconfigure.web.servlet.MockMvcPrintOnlyOnFailureTestExecutionListener, org.springframework.boot.test.autoconfigure.web.servlet.WebDriverTestExecutionListener, org.springframework.boot.test.mock.mockito.MockitoTestExecutionListener, org.springframework.boot.test.mock.mockito.ResetMocksTestExecutionListener, org.springframework.test.context.web.ServletTestExecutionListener, org.springframework.test.context.support.DirtiesContextBeforeModesTestExecutionListener, org.springframework.test.context.support.DependencyInjectionTestExecutionListener, org.springframework.test.context.support.DirtiesContextTestExecutionListener, org.springframework.test.context.transaction.TransactionalTestExecutionListener, org.springframework.test.context.jdbc.SqlScriptsTestExecutionListener]
2020-01-22 16:06:46.618  INFO 21268 --- [    Test worker] .b.t.c.SpringBootTestContextBootstrapper : Using TestExecutionListeners: [org.springframework.test.context.web.ServletTestExecutionListener@4e9fc316, org.springframework.test.context.support.DirtiesContextBeforeModesTestExecutionListener@d27a989, org.springframework.boot.test.mock.mockito.MockitoTestExecutionListener@2d6ac074, org.springframework.boot.test.autoconfigure.SpringBootDependencyInjectionTestExecutionListener@f56b71a, org.springframework.test.context.support.DirtiesContextTestExecutionListener@3f615295, org.springframework.test.context.transaction.TransactionalTestExecutionListener@f3adf11, org.springframework.test.context.jdbc.SqlScriptsTestExecutionListener@74a8d7e2, org.springframework.security.test.context.support.WithSecurityContextTestExecutionListener@4e7c400a, org.springframework.security.test.context.support.ReactorContextTestExecutionListener@7bbc56aa, org.springframework.boot.test.autoconfigure.restdocs.RestDocsTestExecutionListener@22a7dc9b, org.springframework.boot.test.autoconfigure.web.client.MockRestServiceServerResetTestExecutionListener@100208ea, org.springframework.boot.test.autoconfigure.web.servlet.MockMvcPrintOnlyOnFailureTestExecutionListener@3c5276f0, org.springframework.boot.test.autoconfigure.web.servlet.WebDriverTestExecutionListener@25426ed6, org.springframework.boot.test.mock.mockito.ResetMocksTestExecutionListener@391d3de1]
2020-01-22 16:06:46.631  INFO 21268 --- [    Test worker] o.a.c.c.C.[Tomcat].[localhost].[/]       : Initializing Spring TestDispatcherServlet ''
2020-01-22 16:06:46.632  INFO 21268 --- [    Test worker] o.s.t.web.servlet.TestDispatcherServlet  : Initializing Servlet ''
2020-01-22 16:06:46.635  INFO 21268 --- [    Test worker] o.s.t.web.servlet.TestDispatcherServlet  : Completed initialization in 3 ms
Hibernate: insert into posts (created_date, modified_date, author, content, title) values (?, ?, ?, ?, ?)
Hibernate: select posts0_.id as id1_0_, posts0_.created_date as created_2_0_, posts0_.modified_date as modified3_0_, posts0_.author as author4_0_, posts0_.content as content5_0_, posts0_.title as title6_0_ from posts posts0_
Hibernate: select posts0_.id as id1_0_, posts0_.created_date as created_2_0_, posts0_.modified_date as modified3_0_, posts0_.author as author4_0_, posts0_.content as content5_0_, posts0_.title as title6_0_ from posts posts0_
Hibernate: delete from posts where id=?
2020-01-22 16:06:46.718  INFO 21268 --- [    Test worker] o.a.c.c.C.[Tomcat].[localhost].[/]       : Initializing Spring TestDispatcherServlet ''
2020-01-22 16:06:46.718  INFO 21268 --- [    Test worker] o.s.t.web.servlet.TestDispatcherServlet  : Initializing Servlet ''
2020-01-22 16:06:46.721  INFO 21268 --- [    Test worker] o.s.t.web.servlet.TestDispatcherServlet  : Completed initialization in 3 ms
Hibernate: insert into posts (created_date, modified_date, author, content, title) values (?, ?, ?, ?, ?)
Hibernate: select posts0_.id as id1_0_0_, posts0_.created_date as created_2_0_0_, posts0_.modified_date as modified3_0_0_, posts0_.author as author4_0_0_, posts0_.content as content5_0_0_, posts0_.title as title6_0_0_ from posts posts0_ where posts0_.id=?
Hibernate: update posts set created_date=?, modified_date=?, author=?, content=?, title=? where id=?
Hibernate: select posts0_.id as id1_0_, posts0_.created_date as created_2_0_, posts0_.modified_date as modified3_0_, posts0_.author as author4_0_, posts0_.content as content5_0_, posts0_.title as title6_0_ from posts posts0_
Hibernate: select posts0_.id as id1_0_, posts0_.created_date as created_2_0_, posts0_.modified_date as modified3_0_, posts0_.author as author4_0_, posts0_.content as content5_0_, posts0_.title as title6_0_ from posts posts0_
Hibernate: delete from posts where id=?
]]></system-out>
  <system-err><![CDATA[]]></system-err>
</testsuite>
