<?xml version="1.0" encoding="UTF-8"?>
<testsuite name="com.weekbelt.book.springboot.web.HelloControllerTest" tests="2" skipped="0" failures="0" errors="0" timestamp="2020-01-22T07:06:34" hostname="joohyuk" time="0.707">
  <properties/>
  <testcase name="hello가_리턴된다" classname="com.weekbelt.book.springboot.web.HelloControllerTest" time="0.571"/>
  <testcase name="helloDto가_리턴된다" classname="com.weekbelt.book.springboot.web.HelloControllerTest" time="0.135"/>
  <system-out><![CDATA[16:06:28.985 [Test worker] DEBUG org.springframework.test.context.junit4.SpringJUnit4ClassRunner - SpringJUnit4ClassRunner constructor called with [class com.weekbelt.book.springboot.web.HelloControllerTest]
16:06:28.999 [Test worker] DEBUG org.springframework.test.context.BootstrapUtils - Instantiating CacheAwareContextLoaderDelegate from class [org.springframework.test.context.cache.DefaultCacheAwareContextLoaderDelegate]
16:06:29.015 [Test worker] DEBUG org.springframework.test.context.BootstrapUtils - Instantiating BootstrapContext using constructor [public org.springframework.test.context.support.DefaultBootstrapContext(java.lang.Class,org.springframework.test.context.CacheAwareContextLoaderDelegate)]
16:06:29.051 [Test worker] DEBUG org.springframework.test.context.BootstrapUtils - Instantiating TestContextBootstrapper for test class [com.weekbelt.book.springboot.web.HelloControllerTest] from class [org.springframework.boot.test.autoconfigure.web.servlet.WebMvcTestContextBootstrapper]
16:06:29.079 [Test worker] INFO org.springframework.boot.test.autoconfigure.web.servlet.WebMvcTestContextBootstrapper - Neither @ContextConfiguration nor @ContextHierarchy found for test class [com.weekbelt.book.springboot.web.HelloControllerTest], using SpringBootContextLoader
16:06:29.085 [Test worker] DEBUG org.springframework.test.context.support.AbstractContextLoader - Did not detect default resource location for test class [com.weekbelt.book.springboot.web.HelloControllerTest]: class path resource [com/weekbelt/book/springboot/web/HelloControllerTest-context.xml] does not exist
16:06:29.086 [Test worker] DEBUG org.springframework.test.context.support.AbstractContextLoader - Did not detect default resource location for test class [com.weekbelt.book.springboot.web.HelloControllerTest]: class path resource [com/weekbelt/book/springboot/web/HelloControllerTestContext.groovy] does not exist
16:06:29.086 [Test worker] INFO org.springframework.test.context.support.AbstractContextLoader - Could not detect default resource locations for test class [com.weekbelt.book.springboot.web.HelloControllerTest]: no resource found for suffixes {-context.xml, Context.groovy}.
16:06:29.088 [Test worker] INFO org.springframework.test.context.support.AnnotationConfigContextLoaderUtils - Could not detect default configuration classes for test class [com.weekbelt.book.springboot.web.HelloControllerTest]: HelloControllerTest does not declare any static, non-private, non-final, nested classes annotated with @Configuration.
16:06:29.192 [Test worker] DEBUG org.springframework.test.context.support.ActiveProfilesUtils - Could not find an 'annotation declaring class' for annotation type [org.springframework.test.context.ActiveProfiles] and class [com.weekbelt.book.springboot.web.HelloControllerTest]
16:06:29.301 [Test worker] DEBUG org.springframework.context.annotation.ClassPathScanningCandidateComponentProvider - Identified candidate component class: file [C:\Project\study\freelec-springboot2-webservice\build\classes\java\main\com\weekbelt\book\springboot\Application.class]
16:06:29.303 [Test worker] INFO org.springframework.boot.test.context.SpringBootTestContextBootstrapper - Found @SpringBootConfiguration com.weekbelt.book.springboot.Application for test class com.weekbelt.book.springboot.web.HelloControllerTest
16:06:29.306 [Test worker] DEBUG org.springframework.boot.test.autoconfigure.web.servlet.WebMvcTestContextBootstrapper - @TestExecutionListeners is not present for class [com.weekbelt.book.springboot.web.HelloControllerTest]: using defaults.
16:06:29.307 [Test worker] INFO org.springframework.boot.test.autoconfigure.web.servlet.WebMvcTestContextBootstrapper - Loaded default TestExecutionListener class names from location [META-INF/spring.factories]: [org.springframework.security.test.context.support.WithSecurityContextTestExecutionListener, org.springframework.security.test.context.support.ReactorContextTestExecutionListener, org.springframework.boot.test.autoconfigure.restdocs.RestDocsTestExecutionListener, org.springframework.boot.test.autoconfigure.web.client.MockRestServiceServerResetTestExecutionListener, org.springframework.boot.test.autoconfigure.web.servlet.MockMvcPrintOnlyOnFailureTestExecutionListener, org.springframework.boot.test.autoconfigure.web.servlet.WebDriverTestExecutionListener, org.springframework.boot.test.mock.mockito.MockitoTestExecutionListener, org.springframework.boot.test.mock.mockito.ResetMocksTestExecutionListener, org.springframework.test.context.web.ServletTestExecutionListener, org.springframework.test.context.support.DirtiesContextBeforeModesTestExecutionListener, org.springframework.test.context.support.DependencyInjectionTestExecutionListener, org.springframework.test.context.support.DirtiesContextTestExecutionListener, org.springframework.test.context.transaction.TransactionalTestExecutionListener, org.springframework.test.context.jdbc.SqlScriptsTestExecutionListener]
16:06:29.342 [Test worker] INFO org.springframework.boot.test.autoconfigure.web.servlet.WebMvcTestContextBootstrapper - Using TestExecutionListeners: [org.springframework.test.context.web.ServletTestExecutionListener@18cef0, org.springframework.test.context.support.DirtiesContextBeforeModesTestExecutionListener@62709f58, org.springframework.boot.test.mock.mockito.MockitoTestExecutionListener@17abf369, org.springframework.boot.test.autoconfigure.SpringBootDependencyInjectionTestExecutionListener@4e029d98, org.springframework.test.context.support.DirtiesContextTestExecutionListener@82bb5e6, org.springframework.test.context.transaction.TransactionalTestExecutionListener@6ec761e4, org.springframework.test.context.jdbc.SqlScriptsTestExecutionListener@26bfe7ee, org.springframework.security.test.context.support.WithSecurityContextTestExecutionListener@7c0b50fc, org.springframework.security.test.context.support.ReactorContextTestExecutionListener@29da5e1e, org.springframework.boot.test.autoconfigure.restdocs.RestDocsTestExecutionListener@7c47d280, org.springframework.boot.test.autoconfigure.web.client.MockRestServiceServerResetTestExecutionListener@251eca71, org.springframework.boot.test.autoconfigure.web.servlet.MockMvcPrintOnlyOnFailureTestExecutionListener@3b4e29e, org.springframework.boot.test.autoconfigure.web.servlet.WebDriverTestExecutionListener@78657658, org.springframework.boot.test.mock.mockito.ResetMocksTestExecutionListener@3af47806]
16:06:29.346 [Test worker] DEBUG org.springframework.test.annotation.ProfileValueUtils - Retrieved @ProfileValueSourceConfiguration [null] for test class [com.weekbelt.book.springboot.web.HelloControllerTest]
16:06:29.347 [Test worker] DEBUG org.springframework.test.annotation.ProfileValueUtils - Retrieved ProfileValueSource type [class org.springframework.test.annotation.SystemProfileValueSource] for class [com.weekbelt.book.springboot.web.HelloControllerTest]
16:06:29.348 [Test worker] DEBUG org.springframework.test.annotation.ProfileValueUtils - Retrieved @ProfileValueSourceConfiguration [null] for test class [com.weekbelt.book.springboot.web.HelloControllerTest]
16:06:29.348 [Test worker] DEBUG org.springframework.test.annotation.ProfileValueUtils - Retrieved ProfileValueSource type [class org.springframework.test.annotation.SystemProfileValueSource] for class [com.weekbelt.book.springboot.web.HelloControllerTest]
16:06:29.356 [Test worker] DEBUG org.springframework.test.context.support.AbstractDirtiesContextTestExecutionListener - Before test class: context [DefaultTestContext@2314ac testClass = HelloControllerTest, testInstance = [null], testMethod = [null], testException = [null], mergedContextConfiguration = [WebMergedContextConfiguration@53de2cc2 testClass = HelloControllerTest, locations = '{}', classes = '{class com.weekbelt.book.springboot.Application}', contextInitializerClasses = '[]', activeProfiles = '{}', propertySourceLocations = '{}', propertySourceProperties = '{org.springframework.boot.test.autoconfigure.web.servlet.WebMvcTestContextBootstrapper=true}', contextCustomizers = set[org.springframework.boot.test.autoconfigure.OverrideAutoConfigurationContextCustomizerFactory$DisableAutoConfigurationContextCustomizer@3944ff4c, org.springframework.boot.test.autoconfigure.filter.TypeExcludeFiltersContextCustomizer@7f2291cb, org.springframework.boot.test.autoconfigure.properties.PropertyMappingContextCustomizer@93fb06f1, org.springframework.boot.test.autoconfigure.web.servlet.WebDriverContextCustomizerFactory$Customizer@69eb75fc, [ImportsContextCustomizer@6253fc9 key = [org.springframework.boot.autoconfigure.cache.CacheAutoConfiguration, org.springframework.boot.autoconfigure.context.MessageSourceAutoConfiguration, org.springframework.boot.autoconfigure.data.web.SpringDataWebAutoConfiguration, org.springframework.boot.autoconfigure.freemarker.FreeMarkerAutoConfiguration, org.springframework.boot.autoconfigure.groovy.template.GroovyTemplateAutoConfiguration, org.springframework.boot.autoconfigure.gson.GsonAutoConfiguration, org.springframework.boot.autoconfigure.hateoas.HypermediaAutoConfiguration, org.springframework.boot.autoconfigure.http.HttpMessageConvertersAutoConfiguration, org.springframework.boot.autoconfigure.jackson.JacksonAutoConfiguration, org.springframework.boot.autoconfigure.jsonb.JsonbAutoConfiguration, org.springframework.boot.autoconfigure.mustache.MustacheAutoConfiguration, org.springframework.boot.autoconfigure.task.TaskExecutionAutoConfiguration, org.springframework.boot.autoconfigure.thymeleaf.ThymeleafAutoConfiguration, org.springframework.boot.autoconfigure.validation.ValidationAutoConfiguration, org.springframework.boot.autoconfigure.web.servlet.error.ErrorMvcAutoConfiguration, org.springframework.boot.autoconfigure.web.servlet.WebMvcAutoConfiguration, org.springframework.boot.test.autoconfigure.web.servlet.MockMvcAutoConfiguration, org.springframework.boot.test.autoconfigure.web.servlet.MockMvcSecurityAutoConfiguration, org.springframework.boot.test.autoconfigure.web.servlet.MockMvcWebClientAutoConfiguration, org.springframework.boot.test.autoconfigure.web.servlet.MockMvcWebDriverAutoConfiguration]], org.springframework.boot.test.context.filter.ExcludeFilterContextCustomizer@682a0514, org.springframework.boot.test.json.DuplicateJsonObjectContextCustomizerFactory$DuplicateJsonObjectContextCustomizer@54dc0e4e, org.springframework.boot.test.mock.mockito.MockitoContextCustomizer@0], resourceBasePath = 'src/main/webapp', contextLoader = 'org.springframework.boot.test.context.SpringBootContextLoader', parent = [null]], attributes = map[[empty]]], class annotated with @DirtiesContext [false] with mode [null].
16:06:29.357 [Test worker] DEBUG org.springframework.test.annotation.ProfileValueUtils - Retrieved @ProfileValueSourceConfiguration [null] for test class [com.weekbelt.book.springboot.web.HelloControllerTest]
16:06:29.358 [Test worker] DEBUG org.springframework.test.annotation.ProfileValueUtils - Retrieved ProfileValueSource type [class org.springframework.test.annotation.SystemProfileValueSource] for class [com.weekbelt.book.springboot.web.HelloControllerTest]
16:06:29.366 [Test worker] DEBUG org.springframework.test.context.support.DependencyInjectionTestExecutionListener - Performing dependency injection for test context [[DefaultTestContext@2314ac testClass = HelloControllerTest, testInstance = com.weekbelt.book.springboot.web.HelloControllerTest@64c8073c, testMethod = [null], testException = [null], mergedContextConfiguration = [WebMergedContextConfiguration@53de2cc2 testClass = HelloControllerTest, locations = '{}', classes = '{class com.weekbelt.book.springboot.Application}', contextInitializerClasses = '[]', activeProfiles = '{}', propertySourceLocations = '{}', propertySourceProperties = '{org.springframework.boot.test.autoconfigure.web.servlet.WebMvcTestContextBootstrapper=true}', contextCustomizers = set[org.springframework.boot.test.autoconfigure.OverrideAutoConfigurationContextCustomizerFactory$DisableAutoConfigurationContextCustomizer@3944ff4c, org.springframework.boot.test.autoconfigure.filter.TypeExcludeFiltersContextCustomizer@7f2291cb, org.springframework.boot.test.autoconfigure.properties.PropertyMappingContextCustomizer@93fb06f1, org.springframework.boot.test.autoconfigure.web.servlet.WebDriverContextCustomizerFactory$Customizer@69eb75fc, [ImportsContextCustomizer@6253fc9 key = [org.springframework.boot.autoconfigure.cache.CacheAutoConfiguration, org.springframework.boot.autoconfigure.context.MessageSourceAutoConfiguration, org.springframework.boot.autoconfigure.data.web.SpringDataWebAutoConfiguration, org.springframework.boot.autoconfigure.freemarker.FreeMarkerAutoConfiguration, org.springframework.boot.autoconfigure.groovy.template.GroovyTemplateAutoConfiguration, org.springframework.boot.autoconfigure.gson.GsonAutoConfiguration, org.springframework.boot.autoconfigure.hateoas.HypermediaAutoConfiguration, org.springframework.boot.autoconfigure.http.HttpMessageConvertersAutoConfiguration, org.springframework.boot.autoconfigure.jackson.JacksonAutoConfiguration, org.springframework.boot.autoconfigure.jsonb.JsonbAutoConfiguration, org.springframework.boot.autoconfigure.mustache.MustacheAutoConfiguration, org.springframework.boot.autoconfigure.task.TaskExecutionAutoConfiguration, org.springframework.boot.autoconfigure.thymeleaf.ThymeleafAutoConfiguration, org.springframework.boot.autoconfigure.validation.ValidationAutoConfiguration, org.springframework.boot.autoconfigure.web.servlet.error.ErrorMvcAutoConfiguration, org.springframework.boot.autoconfigure.web.servlet.WebMvcAutoConfiguration, org.springframework.boot.test.autoconfigure.web.servlet.MockMvcAutoConfiguration, org.springframework.boot.test.autoconfigure.web.servlet.MockMvcSecurityAutoConfiguration, org.springframework.boot.test.autoconfigure.web.servlet.MockMvcWebClientAutoConfiguration, org.springframework.boot.test.autoconfigure.web.servlet.MockMvcWebDriverAutoConfiguration]], org.springframework.boot.test.context.filter.ExcludeFilterContextCustomizer@682a0514, org.springframework.boot.test.json.DuplicateJsonObjectContextCustomizerFactory$DuplicateJsonObjectContextCustomizer@54dc0e4e, org.springframework.boot.test.mock.mockito.MockitoContextCustomizer@0], resourceBasePath = 'src/main/webapp', contextLoader = 'org.springframework.boot.test.context.SpringBootContextLoader', parent = [null]], attributes = map[[empty]]]].
16:06:29.546 [Test worker] DEBUG org.springframework.test.context.support.TestPropertySourceUtils - Adding inlined properties to environment: {spring.jmx.enabled=false, org.springframework.boot.test.autoconfigure.web.servlet.WebMvcTestContextBootstrapper=true, server.port=-1}

  .   ____          _            __ _ _
 /\\ / ___'_ __ _ _(_)_ __  __ _ \ \ \ \
( ( )\___ | '_ | '_| | '_ \/ _` | \ \ \ \
 \\/  ___)| |_)| | | | | || (_| |  ) ) ) )
  '  |____| .__|_| |_|_| |_\__, | / / / /
 =========|_|==============|___/=/_/_/_/
 :: Spring Boot ::        (v2.1.7.RELEASE)

2020-01-22 16:06:30.001  INFO 21268 --- [    Test worker] c.w.b.s.web.HelloControllerTest          : Starting HelloControllerTest on joohyuk with PID 21268 (started by user in C:\Project\study\freelec-springboot2-webservice)
2020-01-22 16:06:30.005  INFO 21268 --- [    Test worker] c.w.b.s.web.HelloControllerTest          : No active profile set, falling back to default profiles: default
2020-01-22 16:06:32.692  INFO 21268 --- [    Test worker] o.s.s.concurrent.ThreadPoolTaskExecutor  : Initializing ExecutorService 'applicationTaskExecutor'
2020-01-22 16:06:32.889  INFO 21268 --- [    Test worker] o.s.b.a.w.s.WelcomePageHandlerMapping    : Adding welcome page template: index
2020-01-22 16:06:33.827  INFO 21268 --- [    Test worker] .s.s.UserDetailsServiceAutoConfiguration : 

Using generated security password: 2c2b2fc3-b04a-4b66-bf95-4bc64ee61f42

2020-01-22 16:06:34.355  INFO 21268 --- [    Test worker] o.s.s.web.DefaultSecurityFilterChain     : Creating filter chain: any request, [org.springframework.security.web.context.request.async.WebAsyncManagerIntegrationFilter@362084a6, org.springframework.security.web.context.SecurityContextPersistenceFilter@2c9903aa, org.springframework.security.web.header.HeaderWriterFilter@1b872f81, org.springframework.security.web.csrf.CsrfFilter@1bd61c7c, org.springframework.security.web.authentication.logout.LogoutFilter@3a560980, org.springframework.security.web.authentication.UsernamePasswordAuthenticationFilter@7312ea21, org.springframework.security.web.authentication.ui.DefaultLoginPageGeneratingFilter@76fa02b3, org.springframework.security.web.authentication.ui.DefaultLogoutPageGeneratingFilter@49eead28, org.springframework.security.web.authentication.www.BasicAuthenticationFilter@2dd9a018, org.springframework.security.web.savedrequest.RequestCacheAwareFilter@140db263, org.springframework.security.web.servletapi.SecurityContextHolderAwareRequestFilter@4d668785, org.springframework.security.web.authentication.AnonymousAuthenticationFilter@17cf619e, org.springframework.security.web.session.SessionManagementFilter@2dc5502b, org.springframework.security.web.access.ExceptionTranslationFilter@5dbc4cd7, org.springframework.security.web.access.intercept.FilterSecurityInterceptor@7cc6a80]
2020-01-22 16:06:34.474  INFO 21268 --- [    Test worker] o.s.b.t.m.w.SpringBootMockServletContext : Initializing Spring TestDispatcherServlet ''
2020-01-22 16:06:34.474  INFO 21268 --- [    Test worker] o.s.t.web.servlet.TestDispatcherServlet  : Initializing Servlet ''
2020-01-22 16:06:34.520  INFO 21268 --- [    Test worker] o.s.t.web.servlet.TestDispatcherServlet  : Completed initialization in 46 ms
2020-01-22 16:06:34.720  INFO 21268 --- [    Test worker] c.w.b.s.web.HelloControllerTest          : Started HelloControllerTest in 5.162 seconds (JVM running for 7.94)
]]></system-out>
  <system-err><![CDATA[]]></system-err>
</testsuite>
