<?xml version="1.0" encoding="UTF-8"?>
<testsuite name="com.weekbelt.book.springboot.web.dto.HelloResponseDtoTest" tests="1" skipped="0" failures="0" errors="0" timestamp="2020-01-22T07:06:46" hostname="joohyuk" time="0.004">
  <properties/>
  <testcase name="롬복_기능_테스트" classname="com.weekbelt.book.springboot.web.dto.HelloResponseDtoTest" time="0.004"/>
  <system-out><![CDATA[]]></system-out>
  <system-err><![CDATA[]]></system-err>
</testsuite>
